2022-12-10 18:16:00 INFO : Using config.json in src/
2022-12-10 18:16:00 INFO : Input path: #flashdrive-mockup
2022-12-10 18:16:00 INFO : Instrument: NGS
2022-12-10 18:16:00 INFO : Destination path: #z-drive-mockup/raw-data/NGS

2022-12-10 18:16:00 INFO : Found 0 modified file(s): 

2022-12-10 18:16:00 INFO : Found 141 total new paths: 0 folder(s) and 141 file(s) :
	221129_M08239_0003_000000000-KFTKV/Alignment_1/20221201_204949/Fastq/17-3992-right-ear_S22_L001_R1_001.fastq.gz
	221129_M08239_0003_000000000-KFTKV/Alignment_1/20221201_204949/Fastq/17-3992-right-ear_S22_L001_R2_001.fastq.gz
	221129_M08239_0003_000000000-KFTKV/Alignment_1/20221201_204949/Fastq/18-3992-nasopharyngeal_S32_L001_R1_001.fastq.gz
	221129_M08239_0003_000000000-KFTKV/Alignment_1/20221201_204949/Fastq/18-3992-nasopharyngeal_S32_L001_R2_001.fastq.gz
	221129_M08239_0003_000000000-KFTKV/Alignment_1/20221201_204949/Fastq/19-3993-left-ear_S42_L001_R1_001.fastq.gz
	221129_M08239_0003_000000000-KFTKV/Alignment_1/20221201_204949/Fastq/19-3993-left-ear_S42_L001_R2_001.fastq.gz
	221129_M08239_0003_000000000-KFTKV/Alignment_1/20221201_204949/Fastq/2-3944-nasopharyngeal_S30_L001_R1_001.fastq.gz
	221129_M08239_0003_000000000-KFTKV/Alignment_1/20221201_204949/Fastq/2-3944-nasopharyngeal_S30_L001_R2_001.fastq.gz
	221129_M08239_0003_000000000-KFTKV/Alignment_1/20221201_204949/Fastq/20-3993-right-ear_S52_L001_R1_001.fastq.gz
	221129_M08239_0003_000000000-KFTKV/Alignment_1/20221201_204949/Fastq/20-3993-right-ear_S52_L001_R2_001.fastq.gz
	221129_M08239_0003_000000000-KFTKV/Alignment_1/20221201_204949/Fastq/21-3993-nasopharyngeal_S62_L001_R1_001.fastq.gz
	221129_M08239_0003_000000000-KFTKV/Alignment_1/20221201_204949/Fastq/21-3993-nasopharyngeal_S62_L001_R2_001.fastq.gz
	221129_M08239_0003_000000000-KFTKV/Alignment_1/20221201_204949/Fastq/22-3993-left-ear_S72_L001_R1_001.fastq.gz
	221129_M08239_0003_000000000-KFTKV/Alignment_1/20221201_204949/Fastq/22-3993-left-ear_S72_L001_R2_001.fastq.gz
	221129_M08239_0003_000000000-KFTKV/Alignment_1/20221201_204949/Fastq/23-3993-right-ear_S4_L001_R1_001.fastq.gz
	221129_M08239_0003_000000000-KFTKV/Alignment_1/20221201_204949/Fastq/23-3993-right-ear_S4_L001_R2_001.fastq.gz
	221129_M08239_0003_000000000-KFTKV/Alignment_1/20221201_204949/Fastq/24-3993-nasopharyngeal_S13_L001_R1_001.fastq.gz
	221129_M08239_0003_000000000-KFTKV/Alignment_1/20221201_204949/Fastq/24-3993-nasopharyngeal_S13_L001_R2_001.fastq.gz
	221129_M08239_0003_000000000-KFTKV/Alignment_1/20221201_204949/Fastq/25-3994-left-ear_S23_L001_R1_001.fastq.gz
	221129_M08239_0003_000000000-KFTKV/Alignment_1/20221201_204949/Fastq/25-3994-left-ear_S23_L001_R2_001.fastq.gz
	221129_M08239_0003_000000000-KFTKV/Alignment_1/20221201_204949/Fastq/26-3994-right-ear_S33_L001_R1_001.fastq.gz
	221129_M08239_0003_000000000-KFTKV/Alignment_1/20221201_204949/Fastq/26-3994-right-ear_S33_L001_R2_001.fastq.gz
	221129_M08239_0003_000000000-KFTKV/Alignment_1/20221201_204949/Fastq/27-3994-nasopharyngeal_S43_L001_R1_001.fastq.gz
	221129_M08239_0003_000000000-KFTKV/Alignment_1/20221201_204949/Fastq/27-3994-nasopharyngeal_S43_L001_R2_001.fastq.gz
	221129_M08239_0003_000000000-KFTKV/Alignment_1/20221201_204949/Fastq/28-3995-left-ear_S53_L001_R1_001.fastq.gz
	221129_M08239_0003_000000000-KFTKV/Alignment_1/20221201_204949/Fastq/28-3995-left-ear_S53_L001_R2_001.fastq.gz
	221129_M08239_0003_000000000-KFTKV/Alignment_1/20221201_204949/Fastq/29-3995-right-ear_S63_L001_R1_001.fastq.gz
	221129_M08239_0003_000000000-KFTKV/Alignment_1/20221201_204949/Fastq/29-3995-right-ear_S63_L001_R2_001.fastq.gz
	221129_M08239_0003_000000000-KFTKV/Alignment_1/20221201_204949/Fastq/3-3951-nasopharyngeal_S40_L001_R1_001.fastq.gz
	221129_M08239_0003_000000000-KFTKV/Alignment_1/20221201_204949/Fastq/3-3951-nasopharyngeal_S40_L001_R2_001.fastq.gz
	221129_M08239_0003_000000000-KFTKV/Alignment_1/20221201_204949/Fastq/30-3995-nasopharyngeal_S73_L001_R1_001.fastq.gz
	221129_M08239_0003_000000000-KFTKV/Alignment_1/20221201_204949/Fastq/30-3995-nasopharyngeal_S73_L001_R2_001.fastq.gz
	221129_M08239_0003_000000000-KFTKV/Alignment_1/20221201_204949/Fastq/31-3995-left-ear_S5_L001_R1_001.fastq.gz
	221129_M08239_0003_000000000-KFTKV/Alignment_1/20221201_204949/Fastq/31-3995-left-ear_S5_L001_R2_001.fastq.gz
	221129_M08239_0003_000000000-KFTKV/Alignment_1/20221201_204949/Fastq/32-3995-right-ear_S14_L001_R1_001.fastq.gz
	221129_M08239_0003_000000000-KFTKV/Alignment_1/20221201_204949/Fastq/32-3995-right-ear_S14_L001_R2_001.fastq.gz
	221129_M08239_0003_000000000-KFTKV/Alignment_1/20221201_204949/Fastq/33-3995-nasopharyngeal_S24_L001_R1_001.fastq.gz
	221129_M08239_0003_000000000-KFTKV/Alignment_1/20221201_204949/Fastq/33-3995-nasopharyngeal_S24_L001_R2_001.fastq.gz
	221129_M08239_0003_000000000-KFTKV/Alignment_1/20221201_204949/Fastq/34-3995-left-ear_S34_L001_R1_001.fastq.gz
	221129_M08239_0003_000000000-KFTKV/Alignment_1/20221201_204949/Fastq/34-3995-left-ear_S34_L001_R2_001.fastq.gz
	221129_M08239_0003_000000000-KFTKV/Alignment_1/20221201_204949/Fastq/35-3995-right-ear_S44_L001_R1_001.fastq.gz
	221129_M08239_0003_000000000-KFTKV/Alignment_1/20221201_204949/Fastq/35-3995-right-ear_S44_L001_R2_001.fastq.gz
	221129_M08239_0003_000000000-KFTKV/Alignment_1/20221201_204949/Fastq/36-3995-nasopharyngeal_S54_L001_R1_001.fastq.gz
	221129_M08239_0003_000000000-KFTKV/Alignment_1/20221201_204949/Fastq/36-3995-nasopharyngeal_S54_L001_R2_001.fastq.gz
	221129_M08239_0003_000000000-KFTKV/Alignment_1/20221201_204949/Fastq/37-3997-left-ear_S64_L001_R1_001.fastq.gz
	221129_M08239_0003_000000000-KFTKV/Alignment_1/20221201_204949/Fastq/37-3997-left-ear_S64_L001_R2_001.fastq.gz
	221129_M08239_0003_000000000-KFTKV/Alignment_1/20221201_204949/Fastq/38-3997-right-ear_S74_L001_R1_001.fastq.gz
	221129_M08239_0003_000000000-KFTKV/Alignment_1/20221201_204949/Fastq/38-3997-right-ear_S74_L001_R2_001.fastq.gz
	221129_M08239_0003_000000000-KFTKV/Alignment_1/20221201_204949/Fastq/39-3997-nasopharyngeal_S6_L001_R1_001.fastq.gz
	221129_M08239_0003_000000000-KFTKV/Alignment_1/20221201_204949/Fastq/39-3997-nasopharyngeal_S6_L001_R2_001.fastq.gz
	221129_M08239_0003_000000000-KFTKV/Alignment_1/20221201_204949/Fastq/4-3956-right-ear_S50_L001_R1_001.fastq.gz
	221129_M08239_0003_000000000-KFTKV/Alignment_1/20221201_204949/Fastq/4-3956-right-ear_S50_L001_R2_001.fastq.gz
	221129_M08239_0003_000000000-KFTKV/Alignment_1/20221201_204949/Fastq/40-3997-left-ear_S15_L001_R1_001.fastq.gz
	221129_M08239_0003_000000000-KFTKV/Alignment_1/20221201_204949/Fastq/40-3997-left-ear_S15_L001_R2_001.fastq.gz
	221129_M08239_0003_000000000-KFTKV/Alignment_1/20221201_204949/Fastq/41-3997-right-ear_S25_L001_R1_001.fastq.gz
	221129_M08239_0003_000000000-KFTKV/Alignment_1/20221201_204949/Fastq/41-3997-right-ear_S25_L001_R2_001.fastq.gz
	221129_M08239_0003_000000000-KFTKV/Alignment_1/20221201_204949/Fastq/42-3997-nasopharyngeal_S35_L001_R1_001.fastq.gz
	221129_M08239_0003_000000000-KFTKV/Alignment_1/20221201_204949/Fastq/42-3997-nasopharyngeal_S35_L001_R2_001.fastq.gz
	221129_M08239_0003_000000000-KFTKV/Alignment_1/20221201_204949/Fastq/43-3997-left-ear_S45_L001_R1_001.fastq.gz
	221129_M08239_0003_000000000-KFTKV/Alignment_1/20221201_204949/Fastq/43-3997-left-ear_S45_L001_R2_001.fastq.gz
	221129_M08239_0003_000000000-KFTKV/Alignment_1/20221201_204949/Fastq/44-3997-right-ear_S55_L001_R1_001.fastq.gz
	221129_M08239_0003_000000000-KFTKV/Alignment_1/20221201_204949/Fastq/44-3997-right-ear_S55_L001_R2_001.fastq.gz
	221129_M08239_0003_000000000-KFTKV/Alignment_1/20221201_204949/Fastq/45-3997-nasopharyngeal_S65_L001_R1_001.fastq.gz
	221129_M08239_0003_000000000-KFTKV/Alignment_1/20221201_204949/Fastq/45-3997-nasopharyngeal_S65_L001_R2_001.fastq.gz
	221129_M08239_0003_000000000-KFTKV/Alignment_1/20221201_204949/Fastq/46-3998-left-ear_S75_L001_R1_001.fastq.gz
	221129_M08239_0003_000000000-KFTKV/Alignment_1/20221201_204949/Fastq/46-3998-left-ear_S75_L001_R2_001.fastq.gz
	221129_M08239_0003_000000000-KFTKV/Alignment_1/20221201_204949/Fastq/47-3998-right-ear_S7_L001_R1_001.fastq.gz
	221129_M08239_0003_000000000-KFTKV/Alignment_1/20221201_204949/Fastq/47-3998-right-ear_S7_L001_R2_001.fastq.gz
	221129_M08239_0003_000000000-KFTKV/Alignment_1/20221201_204949/Fastq/48-3998-nasopharyngeal_S16_L001_R1_001.fastq.gz
	221129_M08239_0003_000000000-KFTKV/Alignment_1/20221201_204949/Fastq/48-3998-nasopharyngeal_S16_L001_R2_001.fastq.gz
	221129_M08239_0003_000000000-KFTKV/Alignment_1/20221201_204949/Fastq/49-3998-left-ear_S26_L001_R1_001.fastq.gz
	221129_M08239_0003_000000000-KFTKV/Alignment_1/20221201_204949/Fastq/49-3998-left-ear_S26_L001_R2_001.fastq.gz
	221129_M08239_0003_000000000-KFTKV/Alignment_1/20221201_204949/Fastq/5-3956-nasopharyngeal_S60_L001_R1_001.fastq.gz
	221129_M08239_0003_000000000-KFTKV/Alignment_1/20221201_204949/Fastq/5-3956-nasopharyngeal_S60_L001_R2_001.fastq.gz
	221129_M08239_0003_000000000-KFTKV/Alignment_1/20221201_204949/Fastq/50-3998-right-ear_S36_L001_R1_001.fastq.gz
	221129_M08239_0003_000000000-KFTKV/Alignment_1/20221201_204949/Fastq/50-3998-right-ear_S36_L001_R2_001.fastq.gz
	221129_M08239_0003_000000000-KFTKV/Alignment_1/20221201_204949/Fastq/51-3998-nasopharyngeal_S46_L001_R1_001.fastq.gz
	221129_M08239_0003_000000000-KFTKV/Alignment_1/20221201_204949/Fastq/51-3998-nasopharyngeal_S46_L001_R2_001.fastq.gz
	221129_M08239_0003_000000000-KFTKV/Alignment_1/20221201_204949/Fastq/52-3999-left-ear_S56_L001_R1_001.fastq.gz
	221129_M08239_0003_000000000-KFTKV/Alignment_1/20221201_204949/Fastq/52-3999-left-ear_S56_L001_R2_001.fastq.gz
	221129_M08239_0003_000000000-KFTKV/Alignment_1/20221201_204949/Fastq/53-3999-right-ear_S66_L001_R1_001.fastq.gz
	221129_M08239_0003_000000000-KFTKV/Alignment_1/20221201_204949/Fastq/53-3999-right-ear_S66_L001_R2_001.fastq.gz
	221129_M08239_0003_000000000-KFTKV/Alignment_1/20221201_204949/Fastq/54-3999-nasopharyngeal_S76_L001_R1_001.fastq.gz
	221129_M08239_0003_000000000-KFTKV/Alignment_1/20221201_204949/Fastq/54-3999-nasopharyngeal_S76_L001_R2_001.fastq.gz
	221129_M08239_0003_000000000-KFTKV/Alignment_1/20221201_204949/Fastq/55-4007-left-ear_S8_L001_R1_001.fastq.gz
	221129_M08239_0003_000000000-KFTKV/Alignment_1/20221201_204949/Fastq/55-4007-left-ear_S8_L001_R2_001.fastq.gz
	221129_M08239_0003_000000000-KFTKV/Alignment_1/20221201_204949/Fastq/56-4007-right-ear_S17_L001_R1_001.fastq.gz
	221129_M08239_0003_000000000-KFTKV/Alignment_1/20221201_204949/Fastq/56-4007-right-ear_S17_L001_R2_001.fastq.gz
	221129_M08239_0003_000000000-KFTKV/Alignment_1/20221201_204949/Fastq/57-4007-nasopharyngeal_S27_L001_R1_001.fastq.gz
	221129_M08239_0003_000000000-KFTKV/Alignment_1/20221201_204949/Fastq/57-4007-nasopharyngeal_S27_L001_R2_001.fastq.gz
	221129_M08239_0003_000000000-KFTKV/Alignment_1/20221201_204949/Fastq/58-4008-left-ear_S37_L001_R1_001.fastq.gz
	221129_M08239_0003_000000000-KFTKV/Alignment_1/20221201_204949/Fastq/58-4008-left-ear_S37_L001_R2_001.fastq.gz
	221129_M08239_0003_000000000-KFTKV/Alignment_1/20221201_204949/Fastq/59-4008-right-ear_S47_L001_R1_001.fastq.gz
	221129_M08239_0003_000000000-KFTKV/Alignment_1/20221201_204949/Fastq/59-4008-right-ear_S47_L001_R2_001.fastq.gz
	221129_M08239_0003_000000000-KFTKV/Alignment_1/20221201_204949/Fastq/6-3966-nasopharyngeal_S70_L001_R1_001.fastq.gz
	221129_M08239_0003_000000000-KFTKV/Alignment_1/20221201_204949/Fastq/6-3966-nasopharyngeal_S70_L001_R2_001.fastq.gz
	221129_M08239_0003_000000000-KFTKV/Alignment_1/20221201_204949/Fastq/60-4008-nasopharyngeal_S57_L001_R1_001.fastq.gz
	221129_M08239_0003_000000000-KFTKV/Alignment_1/20221201_204949/Fastq/60-4008-nasopharyngeal_S57_L001_R2_001.fastq.gz
	221129_M08239_0003_000000000-KFTKV/Alignment_1/20221201_204949/Fastq/61-4009-left-ear_S67_L001_R1_001.fastq.gz
	221129_M08239_0003_000000000-KFTKV/Alignment_1/20221201_204949/Fastq/61-4009-left-ear_S67_L001_R2_001.fastq.gz
	221129_M08239_0003_000000000-KFTKV/Alignment_1/20221201_204949/Fastq/62-4009-right-ear_S77_L001_R1_001.fastq.gz
	221129_M08239_0003_000000000-KFTKV/Alignment_1/20221201_204949/Fastq/62-4009-right-ear_S77_L001_R2_001.fastq.gz
	221129_M08239_0003_000000000-KFTKV/Alignment_1/20221201_204949/Fastq/63-4009-nasopharyngeal_S9_L001_R1_001.fastq.gz
	221129_M08239_0003_000000000-KFTKV/Alignment_1/20221201_204949/Fastq/63-4009-nasopharyngeal_S9_L001_R2_001.fastq.gz
	221129_M08239_0003_000000000-KFTKV/Alignment_1/20221201_204949/Fastq/64-4010-left-ear_S18_L001_R1_001.fastq.gz
	221129_M08239_0003_000000000-KFTKV/Alignment_1/20221201_204949/Fastq/64-4010-left-ear_S18_L001_R2_001.fastq.gz
	221129_M08239_0003_000000000-KFTKV/Alignment_1/20221201_204949/Fastq/65-4010-right-ear_S28_L001_R1_001.fastq.gz
	221129_M08239_0003_000000000-KFTKV/Alignment_1/20221201_204949/Fastq/65-4010-right-ear_S28_L001_R2_001.fastq.gz
	221129_M08239_0003_000000000-KFTKV/Alignment_1/20221201_204949/Fastq/66-4010-nasopharyngeal_S38_L001_R1_001.fastq.gz
	221129_M08239_0003_000000000-KFTKV/Alignment_1/20221201_204949/Fastq/66-4010-nasopharyngeal_S38_L001_R2_001.fastq.gz
	221129_M08239_0003_000000000-KFTKV/Alignment_1/20221201_204949/Fastq/67-4013-left-ear_S48_L001_R1_001.fastq.gz
	221129_M08239_0003_000000000-KFTKV/Alignment_1/20221201_204949/Fastq/67-4013-left-ear_S48_L001_R2_001.fastq.gz
	221129_M08239_0003_000000000-KFTKV/Alignment_1/20221201_204949/Fastq/68-4013-right-ear_S58_L001_R1_001.fastq.gz
	221129_M08239_0003_000000000-KFTKV/Alignment_1/20221201_204949/Fastq/68-4013-right-ear_S58_L001_R2_001.fastq.gz
	221129_M08239_0003_000000000-KFTKV/Alignment_1/20221201_204949/Fastq/69-4013-nasopharyngeal_S68_L001_R1_001.fastq.gz
	221129_M08239_0003_000000000-KFTKV/Alignment_1/20221201_204949/Fastq/69-4013-nasopharyngeal_S68_L001_R2_001.fastq.gz
	221129_M08239_0003_000000000-KFTKV/Alignment_1/20221201_204949/Fastq/7-3983-left-ear_S2_L001_R1_001.fastq.gz
	221129_M08239_0003_000000000-KFTKV/Alignment_1/20221201_204949/Fastq/7-3983-left-ear_S2_L001_R2_001.fastq.gz
	221129_M08239_0003_000000000-KFTKV/Alignment_1/20221201_204949/Fastq/70-4014-left-ear_S78_L001_R1_001.fastq.gz
	221129_M08239_0003_000000000-KFTKV/Alignment_1/20221201_204949/Fastq/70-4014-left-ear_S78_L001_R2_001.fastq.gz
	221129_M08239_0003_000000000-KFTKV/Alignment_1/20221201_204949/Fastq/71-4014-right-ear_S1_L001_R1_001.fastq.gz
	221129_M08239_0003_000000000-KFTKV/Alignment_1/20221201_204949/Fastq/71-4014-right-ear_S1_L001_R2_001.fastq.gz
	221129_M08239_0003_000000000-KFTKV/Alignment_1/20221201_204949/Fastq/72-4014-nasopharyngeal_S10_L001_R1_001.fastq.gz
	221129_M08239_0003_000000000-KFTKV/Alignment_1/20221201_204949/Fastq/72-4014-nasopharyngeal_S10_L001_R2_001.fastq.gz
	221129_M08239_0003_000000000-KFTKV/Alignment_1/20221201_204949/Fastq/73-2157-Rep1-both-ears_S19_L001_R1_001.fastq.gz
	221129_M08239_0003_000000000-KFTKV/Alignment_1/20221201_204949/Fastq/73-2157-Rep1-both-ears_S19_L001_R2_001.fastq.gz
	221129_M08239_0003_000000000-KFTKV/Alignment_1/20221201_204949/Fastq/74-2174-both-ears_S29_L001_R1_001.fastq.gz
	221129_M08239_0003_000000000-KFTKV/Alignment_1/20221201_204949/Fastq/74-2174-both-ears_S29_L001_R2_001.fastq.gz
	221129_M08239_0003_000000000-KFTKV/Alignment_1/20221201_204949/Fastq/75-281-231-throat_S39_L001_R1_001.fastq.gz
	221129_M08239_0003_000000000-KFTKV/Alignment_1/20221201_204949/Fastq/75-281-231-throat_S39_L001_R2_001.fastq.gz
	221129_M08239_0003_000000000-KFTKV/Alignment_1/20221201_204949/Fastq/76-278-throat_S49_L001_R1_001.fastq.gz
	221129_M08239_0003_000000000-KFTKV/Alignment_1/20221201_204949/Fastq/76-278-throat_S49_L001_R2_001.fastq.gz
	221129_M08239_0003_000000000-KFTKV/Alignment_1/20221201_204949/Fastq/77-2229-nasopharyngeal_S59_L001_R1_001.fastq.gz
	221129_M08239_0003_000000000-KFTKV/Alignment_1/20221201_204949/Fastq/77-2229-nasopharyngeal_S59_L001_R2_001.fastq.gz
	221129_M08239_0003_000000000-KFTKV/Alignment_1/20221201_204949/Fastq/78-2233-nasopharyngeal_S69_L001_R1_001.fastq.gz
	221129_M08239_0003_000000000-KFTKV/Alignment_1/20221201_204949/Fastq/78-2233-nasopharyngeal_S69_L001_R2_001.fastq.gz
	221129_M08239_0003_000000000-KFTKV/Alignment_1/20221201_204949/Fastq/8-3983-right-ear_S11_L001_R1_001.fastq.gz
	221129_M08239_0003_000000000-KFTKV/Alignment_1/20221201_204949/Fastq/8-3983-right-ear_S11_L001_R2_001.fastq.gz
	221129_M08239_0003_000000000-KFTKV/Alignment_1/20221201_204949/Fastq/9-3983-nasopharyngeal_S21_L001_R1_001.fastq.gz
	221129_M08239_0003_000000000-KFTKV/Alignment_1/20221201_204949/Fastq/9-3983-nasopharyngeal_S21_L001_R2_001.fastq.gz
	221129_M08239_0003_000000000-KFTKV/Alignment_1/20221201_204949/Fastq/FastqSummaryF1L1.txt

2022-12-10 18:16:00 INFO : Starting backup ...
2022-12-10 18:16:00 INFO : Copying 221129_M08239_0003_000000000-KFTKV/Alignment_1/20221201_204949/Fastq/17-3992-right-ear_S22_L001_R1_001.fastq.gz ...
2022-12-10 18:16:00 INFO : Successfully copied 221129_M08239_0003_000000000-KFTKV/Alignment_1/20221201_204949/Fastq/17-3992-right-ear_S22_L001_R1_001.fastq.gz .
2022-12-10 18:16:00 INFO : Copying 221129_M08239_0003_000000000-KFTKV/Alignment_1/20221201_204949/Fastq/17-3992-right-ear_S22_L001_R2_001.fastq.gz ...
2022-12-10 18:16:00 INFO : Successfully copied 221129_M08239_0003_000000000-KFTKV/Alignment_1/20221201_204949/Fastq/17-3992-right-ear_S22_L001_R2_001.fastq.gz .
2022-12-10 18:16:00 INFO : Copying 221129_M08239_0003_000000000-KFTKV/Alignment_1/20221201_204949/Fastq/18-3992-nasopharyngeal_S32_L001_R1_001.fastq.gz ...
2022-12-10 18:16:00 INFO : Successfully copied 221129_M08239_0003_000000000-KFTKV/Alignment_1/20221201_204949/Fastq/18-3992-nasopharyngeal_S32_L001_R1_001.fastq.gz .
2022-12-10 18:16:00 INFO : Copying 221129_M08239_0003_000000000-KFTKV/Alignment_1/20221201_204949/Fastq/18-3992-nasopharyngeal_S32_L001_R2_001.fastq.gz ...
2022-12-10 18:16:00 INFO : Successfully copied 221129_M08239_0003_000000000-KFTKV/Alignment_1/20221201_204949/Fastq/18-3992-nasopharyngeal_S32_L001_R2_001.fastq.gz .
2022-12-10 18:16:00 INFO : Copying 221129_M08239_0003_000000000-KFTKV/Alignment_1/20221201_204949/Fastq/19-3993-left-ear_S42_L001_R1_001.fastq.gz ...
2022-12-10 18:16:00 INFO : Successfully copied 221129_M08239_0003_000000000-KFTKV/Alignment_1/20221201_204949/Fastq/19-3993-left-ear_S42_L001_R1_001.fastq.gz .
2022-12-10 18:16:00 INFO : Copying 221129_M08239_0003_000000000-KFTKV/Alignment_1/20221201_204949/Fastq/19-3993-left-ear_S42_L001_R2_001.fastq.gz ...
2022-12-10 18:16:00 INFO : Successfully copied 221129_M08239_0003_000000000-KFTKV/Alignment_1/20221201_204949/Fastq/19-3993-left-ear_S42_L001_R2_001.fastq.gz .
2022-12-10 18:16:00 INFO : Copying 221129_M08239_0003_000000000-KFTKV/Alignment_1/20221201_204949/Fastq/2-3944-nasopharyngeal_S30_L001_R1_001.fastq.gz ...
2022-12-10 18:16:00 INFO : Successfully copied 221129_M08239_0003_000000000-KFTKV/Alignment_1/20221201_204949/Fastq/2-3944-nasopharyngeal_S30_L001_R1_001.fastq.gz .
2022-12-10 18:16:00 INFO : Copying 221129_M08239_0003_000000000-KFTKV/Alignment_1/20221201_204949/Fastq/2-3944-nasopharyngeal_S30_L001_R2_001.fastq.gz ...
2022-12-10 18:16:00 INFO : Successfully copied 221129_M08239_0003_000000000-KFTKV/Alignment_1/20221201_204949/Fastq/2-3944-nasopharyngeal_S30_L001_R2_001.fastq.gz .
2022-12-10 18:16:00 INFO : Copying 221129_M08239_0003_000000000-KFTKV/Alignment_1/20221201_204949/Fastq/20-3993-right-ear_S52_L001_R1_001.fastq.gz ...
2022-12-10 18:16:00 INFO : Successfully copied 221129_M08239_0003_000000000-KFTKV/Alignment_1/20221201_204949/Fastq/20-3993-right-ear_S52_L001_R1_001.fastq.gz .
2022-12-10 18:16:00 INFO : Copying 221129_M08239_0003_000000000-KFTKV/Alignment_1/20221201_204949/Fastq/20-3993-right-ear_S52_L001_R2_001.fastq.gz ...
2022-12-10 18:16:00 INFO : Successfully copied 221129_M08239_0003_000000000-KFTKV/Alignment_1/20221201_204949/Fastq/20-3993-right-ear_S52_L001_R2_001.fastq.gz .
2022-12-10 18:16:00 INFO : Copying 221129_M08239_0003_000000000-KFTKV/Alignment_1/20221201_204949/Fastq/21-3993-nasopharyngeal_S62_L001_R1_001.fastq.gz ...
2022-12-10 18:16:00 INFO : Successfully copied 221129_M08239_0003_000000000-KFTKV/Alignment_1/20221201_204949/Fastq/21-3993-nasopharyngeal_S62_L001_R1_001.fastq.gz .
2022-12-10 18:16:00 INFO : Copying 221129_M08239_0003_000000000-KFTKV/Alignment_1/20221201_204949/Fastq/21-3993-nasopharyngeal_S62_L001_R2_001.fastq.gz ...
2022-12-10 18:16:00 INFO : Successfully copied 221129_M08239_0003_000000000-KFTKV/Alignment_1/20221201_204949/Fastq/21-3993-nasopharyngeal_S62_L001_R2_001.fastq.gz .
2022-12-10 18:16:00 INFO : Copying 221129_M08239_0003_000000000-KFTKV/Alignment_1/20221201_204949/Fastq/22-3993-left-ear_S72_L001_R1_001.fastq.gz ...
2022-12-10 18:16:00 INFO : Successfully copied 221129_M08239_0003_000000000-KFTKV/Alignment_1/20221201_204949/Fastq/22-3993-left-ear_S72_L001_R1_001.fastq.gz .
2022-12-10 18:16:00 INFO : Copying 221129_M08239_0003_000000000-KFTKV/Alignment_1/20221201_204949/Fastq/22-3993-left-ear_S72_L001_R2_001.fastq.gz ...
2022-12-10 18:16:00 INFO : Successfully copied 221129_M08239_0003_000000000-KFTKV/Alignment_1/20221201_204949/Fastq/22-3993-left-ear_S72_L001_R2_001.fastq.gz .
2022-12-10 18:16:00 INFO : Copying 221129_M08239_0003_000000000-KFTKV/Alignment_1/20221201_204949/Fastq/23-3993-right-ear_S4_L001_R1_001.fastq.gz ...
2022-12-10 18:16:00 INFO : Successfully copied 221129_M08239_0003_000000000-KFTKV/Alignment_1/20221201_204949/Fastq/23-3993-right-ear_S4_L001_R1_001.fastq.gz .
2022-12-10 18:16:00 INFO : Copying 221129_M08239_0003_000000000-KFTKV/Alignment_1/20221201_204949/Fastq/23-3993-right-ear_S4_L001_R2_001.fastq.gz ...
2022-12-10 18:16:00 INFO : Successfully copied 221129_M08239_0003_000000000-KFTKV/Alignment_1/20221201_204949/Fastq/23-3993-right-ear_S4_L001_R2_001.fastq.gz .
2022-12-10 18:16:00 INFO : Copying 221129_M08239_0003_000000000-KFTKV/Alignment_1/20221201_204949/Fastq/24-3993-nasopharyngeal_S13_L001_R1_001.fastq.gz ...
2022-12-10 18:16:00 INFO : Successfully copied 221129_M08239_0003_000000000-KFTKV/Alignment_1/20221201_204949/Fastq/24-3993-nasopharyngeal_S13_L001_R1_001.fastq.gz .
2022-12-10 18:16:00 INFO : Copying 221129_M08239_0003_000000000-KFTKV/Alignment_1/20221201_204949/Fastq/24-3993-nasopharyngeal_S13_L001_R2_001.fastq.gz ...
2022-12-10 18:16:00 INFO : Successfully copied 221129_M08239_0003_000000000-KFTKV/Alignment_1/20221201_204949/Fastq/24-3993-nasopharyngeal_S13_L001_R2_001.fastq.gz .
2022-12-10 18:16:00 INFO : Copying 221129_M08239_0003_000000000-KFTKV/Alignment_1/20221201_204949/Fastq/25-3994-left-ear_S23_L001_R1_001.fastq.gz ...
2022-12-10 18:16:00 INFO : Successfully copied 221129_M08239_0003_000000000-KFTKV/Alignment_1/20221201_204949/Fastq/25-3994-left-ear_S23_L001_R1_001.fastq.gz .
2022-12-10 18:16:00 INFO : Copying 221129_M08239_0003_000000000-KFTKV/Alignment_1/20221201_204949/Fastq/25-3994-left-ear_S23_L001_R2_001.fastq.gz ...
2022-12-10 18:16:00 INFO : Successfully copied 221129_M08239_0003_000000000-KFTKV/Alignment_1/20221201_204949/Fastq/25-3994-left-ear_S23_L001_R2_001.fastq.gz .
2022-12-10 18:16:00 INFO : Copying 221129_M08239_0003_000000000-KFTKV/Alignment_1/20221201_204949/Fastq/26-3994-right-ear_S33_L001_R1_001.fastq.gz ...
2022-12-10 18:16:00 INFO : Successfully copied 221129_M08239_0003_000000000-KFTKV/Alignment_1/20221201_204949/Fastq/26-3994-right-ear_S33_L001_R1_001.fastq.gz .
2022-12-10 18:16:00 INFO : Copying 221129_M08239_0003_000000000-KFTKV/Alignment_1/20221201_204949/Fastq/26-3994-right-ear_S33_L001_R2_001.fastq.gz ...
2022-12-10 18:16:00 INFO : Successfully copied 221129_M08239_0003_000000000-KFTKV/Alignment_1/20221201_204949/Fastq/26-3994-right-ear_S33_L001_R2_001.fastq.gz .
2022-12-10 18:16:00 INFO : Copying 221129_M08239_0003_000000000-KFTKV/Alignment_1/20221201_204949/Fastq/27-3994-nasopharyngeal_S43_L001_R1_001.fastq.gz ...
2022-12-10 18:16:00 INFO : Successfully copied 221129_M08239_0003_000000000-KFTKV/Alignment_1/20221201_204949/Fastq/27-3994-nasopharyngeal_S43_L001_R1_001.fastq.gz .
2022-12-10 18:16:00 INFO : Copying 221129_M08239_0003_000000000-KFTKV/Alignment_1/20221201_204949/Fastq/27-3994-nasopharyngeal_S43_L001_R2_001.fastq.gz ...
2022-12-10 18:16:00 INFO : Successfully copied 221129_M08239_0003_000000000-KFTKV/Alignment_1/20221201_204949/Fastq/27-3994-nasopharyngeal_S43_L001_R2_001.fastq.gz .
2022-12-10 18:16:00 INFO : Copying 221129_M08239_0003_000000000-KFTKV/Alignment_1/20221201_204949/Fastq/28-3995-left-ear_S53_L001_R1_001.fastq.gz ...
2022-12-10 18:16:00 INFO : Successfully copied 221129_M08239_0003_000000000-KFTKV/Alignment_1/20221201_204949/Fastq/28-3995-left-ear_S53_L001_R1_001.fastq.gz .
2022-12-10 18:16:00 INFO : Copying 221129_M08239_0003_000000000-KFTKV/Alignment_1/20221201_204949/Fastq/28-3995-left-ear_S53_L001_R2_001.fastq.gz ...
2022-12-10 18:16:00 INFO : Successfully copied 221129_M08239_0003_000000000-KFTKV/Alignment_1/20221201_204949/Fastq/28-3995-left-ear_S53_L001_R2_001.fastq.gz .
2022-12-10 18:16:00 INFO : Copying 221129_M08239_0003_000000000-KFTKV/Alignment_1/20221201_204949/Fastq/29-3995-right-ear_S63_L001_R1_001.fastq.gz ...
2022-12-10 18:16:00 INFO : Successfully copied 221129_M08239_0003_000000000-KFTKV/Alignment_1/20221201_204949/Fastq/29-3995-right-ear_S63_L001_R1_001.fastq.gz .
2022-12-10 18:16:00 INFO : Copying 221129_M08239_0003_000000000-KFTKV/Alignment_1/20221201_204949/Fastq/29-3995-right-ear_S63_L001_R2_001.fastq.gz ...
2022-12-10 18:16:00 INFO : Successfully copied 221129_M08239_0003_000000000-KFTKV/Alignment_1/20221201_204949/Fastq/29-3995-right-ear_S63_L001_R2_001.fastq.gz .
2022-12-10 18:16:00 INFO : Copying 221129_M08239_0003_000000000-KFTKV/Alignment_1/20221201_204949/Fastq/3-3951-nasopharyngeal_S40_L001_R1_001.fastq.gz ...
2022-12-10 18:16:00 INFO : Successfully copied 221129_M08239_0003_000000000-KFTKV/Alignment_1/20221201_204949/Fastq/3-3951-nasopharyngeal_S40_L001_R1_001.fastq.gz .
2022-12-10 18:16:00 INFO : Copying 221129_M08239_0003_000000000-KFTKV/Alignment_1/20221201_204949/Fastq/3-3951-nasopharyngeal_S40_L001_R2_001.fastq.gz ...
2022-12-10 18:16:00 INFO : Successfully copied 221129_M08239_0003_000000000-KFTKV/Alignment_1/20221201_204949/Fastq/3-3951-nasopharyngeal_S40_L001_R2_001.fastq.gz .
2022-12-10 18:16:00 INFO : Copying 221129_M08239_0003_000000000-KFTKV/Alignment_1/20221201_204949/Fastq/30-3995-nasopharyngeal_S73_L001_R1_001.fastq.gz ...
2022-12-10 18:16:00 INFO : Successfully copied 221129_M08239_0003_000000000-KFTKV/Alignment_1/20221201_204949/Fastq/30-3995-nasopharyngeal_S73_L001_R1_001.fastq.gz .
2022-12-10 18:16:00 INFO : Copying 221129_M08239_0003_000000000-KFTKV/Alignment_1/20221201_204949/Fastq/30-3995-nasopharyngeal_S73_L001_R2_001.fastq.gz ...
2022-12-10 18:16:00 INFO : Successfully copied 221129_M08239_0003_000000000-KFTKV/Alignment_1/20221201_204949/Fastq/30-3995-nasopharyngeal_S73_L001_R2_001.fastq.gz .
2022-12-10 18:16:00 INFO : Copying 221129_M08239_0003_000000000-KFTKV/Alignment_1/20221201_204949/Fastq/31-3995-left-ear_S5_L001_R1_001.fastq.gz ...
2022-12-10 18:16:00 INFO : Successfully copied 221129_M08239_0003_000000000-KFTKV/Alignment_1/20221201_204949/Fastq/31-3995-left-ear_S5_L001_R1_001.fastq.gz .
2022-12-10 18:16:00 INFO : Copying 221129_M08239_0003_000000000-KFTKV/Alignment_1/20221201_204949/Fastq/31-3995-left-ear_S5_L001_R2_001.fastq.gz ...
2022-12-10 18:16:00 INFO : Successfully copied 221129_M08239_0003_000000000-KFTKV/Alignment_1/20221201_204949/Fastq/31-3995-left-ear_S5_L001_R2_001.fastq.gz .
2022-12-10 18:16:00 INFO : Copying 221129_M08239_0003_000000000-KFTKV/Alignment_1/20221201_204949/Fastq/32-3995-right-ear_S14_L001_R1_001.fastq.gz ...
2022-12-10 18:16:00 INFO : Successfully copied 221129_M08239_0003_000000000-KFTKV/Alignment_1/20221201_204949/Fastq/32-3995-right-ear_S14_L001_R1_001.fastq.gz .
2022-12-10 18:16:00 INFO : Copying 221129_M08239_0003_000000000-KFTKV/Alignment_1/20221201_204949/Fastq/32-3995-right-ear_S14_L001_R2_001.fastq.gz ...
2022-12-10 18:16:00 INFO : Successfully copied 221129_M08239_0003_000000000-KFTKV/Alignment_1/20221201_204949/Fastq/32-3995-right-ear_S14_L001_R2_001.fastq.gz .
2022-12-10 18:16:00 INFO : Copying 221129_M08239_0003_000000000-KFTKV/Alignment_1/20221201_204949/Fastq/33-3995-nasopharyngeal_S24_L001_R1_001.fastq.gz ...
2022-12-10 18:16:00 INFO : Successfully copied 221129_M08239_0003_000000000-KFTKV/Alignment_1/20221201_204949/Fastq/33-3995-nasopharyngeal_S24_L001_R1_001.fastq.gz .
2022-12-10 18:16:00 INFO : Copying 221129_M08239_0003_000000000-KFTKV/Alignment_1/20221201_204949/Fastq/33-3995-nasopharyngeal_S24_L001_R2_001.fastq.gz ...
2022-12-10 18:16:00 INFO : Successfully copied 221129_M08239_0003_000000000-KFTKV/Alignment_1/20221201_204949/Fastq/33-3995-nasopharyngeal_S24_L001_R2_001.fastq.gz .
2022-12-10 18:16:00 INFO : Copying 221129_M08239_0003_000000000-KFTKV/Alignment_1/20221201_204949/Fastq/34-3995-left-ear_S34_L001_R1_001.fastq.gz ...
2022-12-10 18:16:00 INFO : Successfully copied 221129_M08239_0003_000000000-KFTKV/Alignment_1/20221201_204949/Fastq/34-3995-left-ear_S34_L001_R1_001.fastq.gz .
2022-12-10 18:16:00 INFO : Copying 221129_M08239_0003_000000000-KFTKV/Alignment_1/20221201_204949/Fastq/34-3995-left-ear_S34_L001_R2_001.fastq.gz ...
2022-12-10 18:16:00 INFO : Successfully copied 221129_M08239_0003_000000000-KFTKV/Alignment_1/20221201_204949/Fastq/34-3995-left-ear_S34_L001_R2_001.fastq.gz .
2022-12-10 18:16:00 INFO : Copying 221129_M08239_0003_000000000-KFTKV/Alignment_1/20221201_204949/Fastq/35-3995-right-ear_S44_L001_R1_001.fastq.gz ...
2022-12-10 18:16:00 INFO : Successfully copied 221129_M08239_0003_000000000-KFTKV/Alignment_1/20221201_204949/Fastq/35-3995-right-ear_S44_L001_R1_001.fastq.gz .
2022-12-10 18:16:00 INFO : Copying 221129_M08239_0003_000000000-KFTKV/Alignment_1/20221201_204949/Fastq/35-3995-right-ear_S44_L001_R2_001.fastq.gz ...
2022-12-10 18:16:00 INFO : Successfully copied 221129_M08239_0003_000000000-KFTKV/Alignment_1/20221201_204949/Fastq/35-3995-right-ear_S44_L001_R2_001.fastq.gz .
2022-12-10 18:16:00 INFO : Copying 221129_M08239_0003_000000000-KFTKV/Alignment_1/20221201_204949/Fastq/36-3995-nasopharyngeal_S54_L001_R1_001.fastq.gz ...
2022-12-10 18:16:00 INFO : Successfully copied 221129_M08239_0003_000000000-KFTKV/Alignment_1/20221201_204949/Fastq/36-3995-nasopharyngeal_S54_L001_R1_001.fastq.gz .
2022-12-10 18:16:00 INFO : Copying 221129_M08239_0003_000000000-KFTKV/Alignment_1/20221201_204949/Fastq/36-3995-nasopharyngeal_S54_L001_R2_001.fastq.gz ...
2022-12-10 18:16:00 INFO : Successfully copied 221129_M08239_0003_000000000-KFTKV/Alignment_1/20221201_204949/Fastq/36-3995-nasopharyngeal_S54_L001_R2_001.fastq.gz .
2022-12-10 18:16:00 INFO : Copying 221129_M08239_0003_000000000-KFTKV/Alignment_1/20221201_204949/Fastq/37-3997-left-ear_S64_L001_R1_001.fastq.gz ...
2022-12-10 18:16:00 INFO : Successfully copied 221129_M08239_0003_000000000-KFTKV/Alignment_1/20221201_204949/Fastq/37-3997-left-ear_S64_L001_R1_001.fastq.gz .
2022-12-10 18:16:00 INFO : Copying 221129_M08239_0003_000000000-KFTKV/Alignment_1/20221201_204949/Fastq/37-3997-left-ear_S64_L001_R2_001.fastq.gz ...
2022-12-10 18:16:00 INFO : Successfully copied 221129_M08239_0003_000000000-KFTKV/Alignment_1/20221201_204949/Fastq/37-3997-left-ear_S64_L001_R2_001.fastq.gz .
2022-12-10 18:16:00 INFO : Copying 221129_M08239_0003_000000000-KFTKV/Alignment_1/20221201_204949/Fastq/38-3997-right-ear_S74_L001_R1_001.fastq.gz ...
2022-12-10 18:16:00 INFO : Successfully copied 221129_M08239_0003_000000000-KFTKV/Alignment_1/20221201_204949/Fastq/38-3997-right-ear_S74_L001_R1_001.fastq.gz .
2022-12-10 18:16:00 INFO : Copying 221129_M08239_0003_000000000-KFTKV/Alignment_1/20221201_204949/Fastq/38-3997-right-ear_S74_L001_R2_001.fastq.gz ...
2022-12-10 18:16:00 INFO : Successfully copied 221129_M08239_0003_000000000-KFTKV/Alignment_1/20221201_204949/Fastq/38-3997-right-ear_S74_L001_R2_001.fastq.gz .
2022-12-10 18:16:00 INFO : Copying 221129_M08239_0003_000000000-KFTKV/Alignment_1/20221201_204949/Fastq/39-3997-nasopharyngeal_S6_L001_R1_001.fastq.gz ...
2022-12-10 18:16:00 INFO : Successfully copied 221129_M08239_0003_000000000-KFTKV/Alignment_1/20221201_204949/Fastq/39-3997-nasopharyngeal_S6_L001_R1_001.fastq.gz .
2022-12-10 18:16:00 INFO : Copying 221129_M08239_0003_000000000-KFTKV/Alignment_1/20221201_204949/Fastq/39-3997-nasopharyngeal_S6_L001_R2_001.fastq.gz ...
2022-12-10 18:16:00 INFO : Successfully copied 221129_M08239_0003_000000000-KFTKV/Alignment_1/20221201_204949/Fastq/39-3997-nasopharyngeal_S6_L001_R2_001.fastq.gz .
2022-12-10 18:16:00 INFO : Copying 221129_M08239_0003_000000000-KFTKV/Alignment_1/20221201_204949/Fastq/4-3956-right-ear_S50_L001_R1_001.fastq.gz ...
2022-12-10 18:16:00 INFO : Successfully copied 221129_M08239_0003_000000000-KFTKV/Alignment_1/20221201_204949/Fastq/4-3956-right-ear_S50_L001_R1_001.fastq.gz .
2022-12-10 18:16:00 INFO : Copying 221129_M08239_0003_000000000-KFTKV/Alignment_1/20221201_204949/Fastq/4-3956-right-ear_S50_L001_R2_001.fastq.gz ...
2022-12-10 18:16:00 INFO : Successfully copied 221129_M08239_0003_000000000-KFTKV/Alignment_1/20221201_204949/Fastq/4-3956-right-ear_S50_L001_R2_001.fastq.gz .
2022-12-10 18:16:00 INFO : Copying 221129_M08239_0003_000000000-KFTKV/Alignment_1/20221201_204949/Fastq/40-3997-left-ear_S15_L001_R1_001.fastq.gz ...
2022-12-10 18:16:00 INFO : Successfully copied 221129_M08239_0003_000000000-KFTKV/Alignment_1/20221201_204949/Fastq/40-3997-left-ear_S15_L001_R1_001.fastq.gz .
2022-12-10 18:16:00 INFO : Copying 221129_M08239_0003_000000000-KFTKV/Alignment_1/20221201_204949/Fastq/40-3997-left-ear_S15_L001_R2_001.fastq.gz ...
2022-12-10 18:16:00 INFO : Successfully copied 221129_M08239_0003_000000000-KFTKV/Alignment_1/20221201_204949/Fastq/40-3997-left-ear_S15_L001_R2_001.fastq.gz .
2022-12-10 18:16:00 INFO : Copying 221129_M08239_0003_000000000-KFTKV/Alignment_1/20221201_204949/Fastq/41-3997-right-ear_S25_L001_R1_001.fastq.gz ...
2022-12-10 18:16:00 INFO : Successfully copied 221129_M08239_0003_000000000-KFTKV/Alignment_1/20221201_204949/Fastq/41-3997-right-ear_S25_L001_R1_001.fastq.gz .
2022-12-10 18:16:00 INFO : Copying 221129_M08239_0003_000000000-KFTKV/Alignment_1/20221201_204949/Fastq/41-3997-right-ear_S25_L001_R2_001.fastq.gz ...
2022-12-10 18:16:00 INFO : Successfully copied 221129_M08239_0003_000000000-KFTKV/Alignment_1/20221201_204949/Fastq/41-3997-right-ear_S25_L001_R2_001.fastq.gz .
2022-12-10 18:16:00 INFO : Copying 221129_M08239_0003_000000000-KFTKV/Alignment_1/20221201_204949/Fastq/42-3997-nasopharyngeal_S35_L001_R1_001.fastq.gz ...
2022-12-10 18:16:00 INFO : Successfully copied 221129_M08239_0003_000000000-KFTKV/Alignment_1/20221201_204949/Fastq/42-3997-nasopharyngeal_S35_L001_R1_001.fastq.gz .
2022-12-10 18:16:00 INFO : Copying 221129_M08239_0003_000000000-KFTKV/Alignment_1/20221201_204949/Fastq/42-3997-nasopharyngeal_S35_L001_R2_001.fastq.gz ...
2022-12-10 18:16:00 INFO : Successfully copied 221129_M08239_0003_000000000-KFTKV/Alignment_1/20221201_204949/Fastq/42-3997-nasopharyngeal_S35_L001_R2_001.fastq.gz .
2022-12-10 18:16:00 INFO : Copying 221129_M08239_0003_000000000-KFTKV/Alignment_1/20221201_204949/Fastq/43-3997-left-ear_S45_L001_R1_001.fastq.gz ...
2022-12-10 18:16:00 INFO : Successfully copied 221129_M08239_0003_000000000-KFTKV/Alignment_1/20221201_204949/Fastq/43-3997-left-ear_S45_L001_R1_001.fastq.gz .
2022-12-10 18:16:00 INFO : Copying 221129_M08239_0003_000000000-KFTKV/Alignment_1/20221201_204949/Fastq/43-3997-left-ear_S45_L001_R2_001.fastq.gz ...
2022-12-10 18:16:00 INFO : Successfully copied 221129_M08239_0003_000000000-KFTKV/Alignment_1/20221201_204949/Fastq/43-3997-left-ear_S45_L001_R2_001.fastq.gz .
2022-12-10 18:16:00 INFO : Copying 221129_M08239_0003_000000000-KFTKV/Alignment_1/20221201_204949/Fastq/44-3997-right-ear_S55_L001_R1_001.fastq.gz ...
2022-12-10 18:16:00 INFO : Successfully copied 221129_M08239_0003_000000000-KFTKV/Alignment_1/20221201_204949/Fastq/44-3997-right-ear_S55_L001_R1_001.fastq.gz .
2022-12-10 18:16:00 INFO : Copying 221129_M08239_0003_000000000-KFTKV/Alignment_1/20221201_204949/Fastq/44-3997-right-ear_S55_L001_R2_001.fastq.gz ...
2022-12-10 18:16:00 INFO : Successfully copied 221129_M08239_0003_000000000-KFTKV/Alignment_1/20221201_204949/Fastq/44-3997-right-ear_S55_L001_R2_001.fastq.gz .
2022-12-10 18:16:00 INFO : Copying 221129_M08239_0003_000000000-KFTKV/Alignment_1/20221201_204949/Fastq/45-3997-nasopharyngeal_S65_L001_R1_001.fastq.gz ...
2022-12-10 18:16:00 INFO : Successfully copied 221129_M08239_0003_000000000-KFTKV/Alignment_1/20221201_204949/Fastq/45-3997-nasopharyngeal_S65_L001_R1_001.fastq.gz .
2022-12-10 18:16:00 INFO : Copying 221129_M08239_0003_000000000-KFTKV/Alignment_1/20221201_204949/Fastq/45-3997-nasopharyngeal_S65_L001_R2_001.fastq.gz ...
2022-12-10 18:16:00 INFO : Successfully copied 221129_M08239_0003_000000000-KFTKV/Alignment_1/20221201_204949/Fastq/45-3997-nasopharyngeal_S65_L001_R2_001.fastq.gz .
2022-12-10 18:16:00 INFO : Copying 221129_M08239_0003_000000000-KFTKV/Alignment_1/20221201_204949/Fastq/46-3998-left-ear_S75_L001_R1_001.fastq.gz ...
2022-12-10 18:16:00 INFO : Successfully copied 221129_M08239_0003_000000000-KFTKV/Alignment_1/20221201_204949/Fastq/46-3998-left-ear_S75_L001_R1_001.fastq.gz .
2022-12-10 18:16:00 INFO : Copying 221129_M08239_0003_000000000-KFTKV/Alignment_1/20221201_204949/Fastq/46-3998-left-ear_S75_L001_R2_001.fastq.gz ...
2022-12-10 18:16:00 INFO : Successfully copied 221129_M08239_0003_000000000-KFTKV/Alignment_1/20221201_204949/Fastq/46-3998-left-ear_S75_L001_R2_001.fastq.gz .
2022-12-10 18:16:00 INFO : Copying 221129_M08239_0003_000000000-KFTKV/Alignment_1/20221201_204949/Fastq/47-3998-right-ear_S7_L001_R1_001.fastq.gz ...
2022-12-10 18:16:00 INFO : Successfully copied 221129_M08239_0003_000000000-KFTKV/Alignment_1/20221201_204949/Fastq/47-3998-right-ear_S7_L001_R1_001.fastq.gz .
2022-12-10 18:16:00 INFO : Copying 221129_M08239_0003_000000000-KFTKV/Alignment_1/20221201_204949/Fastq/47-3998-right-ear_S7_L001_R2_001.fastq.gz ...
2022-12-10 18:16:00 INFO : Successfully copied 221129_M08239_0003_000000000-KFTKV/Alignment_1/20221201_204949/Fastq/47-3998-right-ear_S7_L001_R2_001.fastq.gz .
2022-12-10 18:16:00 INFO : Copying 221129_M08239_0003_000000000-KFTKV/Alignment_1/20221201_204949/Fastq/48-3998-nasopharyngeal_S16_L001_R1_001.fastq.gz ...
2022-12-10 18:16:00 INFO : Successfully copied 221129_M08239_0003_000000000-KFTKV/Alignment_1/20221201_204949/Fastq/48-3998-nasopharyngeal_S16_L001_R1_001.fastq.gz .
2022-12-10 18:16:00 INFO : Copying 221129_M08239_0003_000000000-KFTKV/Alignment_1/20221201_204949/Fastq/48-3998-nasopharyngeal_S16_L001_R2_001.fastq.gz ...
2022-12-10 18:16:00 INFO : Successfully copied 221129_M08239_0003_000000000-KFTKV/Alignment_1/20221201_204949/Fastq/48-3998-nasopharyngeal_S16_L001_R2_001.fastq.gz .
2022-12-10 18:16:00 INFO : Copying 221129_M08239_0003_000000000-KFTKV/Alignment_1/20221201_204949/Fastq/49-3998-left-ear_S26_L001_R1_001.fastq.gz ...
2022-12-10 18:16:00 INFO : Successfully copied 221129_M08239_0003_000000000-KFTKV/Alignment_1/20221201_204949/Fastq/49-3998-left-ear_S26_L001_R1_001.fastq.gz .
2022-12-10 18:16:00 INFO : Copying 221129_M08239_0003_000000000-KFTKV/Alignment_1/20221201_204949/Fastq/49-3998-left-ear_S26_L001_R2_001.fastq.gz ...
2022-12-10 18:16:00 INFO : Successfully copied 221129_M08239_0003_000000000-KFTKV/Alignment_1/20221201_204949/Fastq/49-3998-left-ear_S26_L001_R2_001.fastq.gz .
2022-12-10 18:16:00 INFO : Copying 221129_M08239_0003_000000000-KFTKV/Alignment_1/20221201_204949/Fastq/5-3956-nasopharyngeal_S60_L001_R1_001.fastq.gz ...
2022-12-10 18:16:00 INFO : Successfully copied 221129_M08239_0003_000000000-KFTKV/Alignment_1/20221201_204949/Fastq/5-3956-nasopharyngeal_S60_L001_R1_001.fastq.gz .
2022-12-10 18:16:00 INFO : Copying 221129_M08239_0003_000000000-KFTKV/Alignment_1/20221201_204949/Fastq/5-3956-nasopharyngeal_S60_L001_R2_001.fastq.gz ...
2022-12-10 18:16:00 INFO : Successfully copied 221129_M08239_0003_000000000-KFTKV/Alignment_1/20221201_204949/Fastq/5-3956-nasopharyngeal_S60_L001_R2_001.fastq.gz .
2022-12-10 18:16:00 INFO : Copying 221129_M08239_0003_000000000-KFTKV/Alignment_1/20221201_204949/Fastq/50-3998-right-ear_S36_L001_R1_001.fastq.gz ...
2022-12-10 18:16:00 INFO : Successfully copied 221129_M08239_0003_000000000-KFTKV/Alignment_1/20221201_204949/Fastq/50-3998-right-ear_S36_L001_R1_001.fastq.gz .
2022-12-10 18:16:00 INFO : Copying 221129_M08239_0003_000000000-KFTKV/Alignment_1/20221201_204949/Fastq/50-3998-right-ear_S36_L001_R2_001.fastq.gz ...
2022-12-10 18:16:00 INFO : Successfully copied 221129_M08239_0003_000000000-KFTKV/Alignment_1/20221201_204949/Fastq/50-3998-right-ear_S36_L001_R2_001.fastq.gz .
2022-12-10 18:16:00 INFO : Copying 221129_M08239_0003_000000000-KFTKV/Alignment_1/20221201_204949/Fastq/51-3998-nasopharyngeal_S46_L001_R1_001.fastq.gz ...
2022-12-10 18:16:00 INFO : Successfully copied 221129_M08239_0003_000000000-KFTKV/Alignment_1/20221201_204949/Fastq/51-3998-nasopharyngeal_S46_L001_R1_001.fastq.gz .
2022-12-10 18:16:00 INFO : Copying 221129_M08239_0003_000000000-KFTKV/Alignment_1/20221201_204949/Fastq/51-3998-nasopharyngeal_S46_L001_R2_001.fastq.gz ...
2022-12-10 18:16:00 INFO : Successfully copied 221129_M08239_0003_000000000-KFTKV/Alignment_1/20221201_204949/Fastq/51-3998-nasopharyngeal_S46_L001_R2_001.fastq.gz .
2022-12-10 18:16:00 INFO : Copying 221129_M08239_0003_000000000-KFTKV/Alignment_1/20221201_204949/Fastq/52-3999-left-ear_S56_L001_R1_001.fastq.gz ...
2022-12-10 18:16:00 INFO : Successfully copied 221129_M08239_0003_000000000-KFTKV/Alignment_1/20221201_204949/Fastq/52-3999-left-ear_S56_L001_R1_001.fastq.gz .
2022-12-10 18:16:00 INFO : Copying 221129_M08239_0003_000000000-KFTKV/Alignment_1/20221201_204949/Fastq/52-3999-left-ear_S56_L001_R2_001.fastq.gz ...
2022-12-10 18:16:00 INFO : Successfully copied 221129_M08239_0003_000000000-KFTKV/Alignment_1/20221201_204949/Fastq/52-3999-left-ear_S56_L001_R2_001.fastq.gz .
2022-12-10 18:16:00 INFO : Copying 221129_M08239_0003_000000000-KFTKV/Alignment_1/20221201_204949/Fastq/53-3999-right-ear_S66_L001_R1_001.fastq.gz ...
2022-12-10 18:16:00 INFO : Successfully copied 221129_M08239_0003_000000000-KFTKV/Alignment_1/20221201_204949/Fastq/53-3999-right-ear_S66_L001_R1_001.fastq.gz .
2022-12-10 18:16:00 INFO : Copying 221129_M08239_0003_000000000-KFTKV/Alignment_1/20221201_204949/Fastq/53-3999-right-ear_S66_L001_R2_001.fastq.gz ...
2022-12-10 18:16:00 INFO : Successfully copied 221129_M08239_0003_000000000-KFTKV/Alignment_1/20221201_204949/Fastq/53-3999-right-ear_S66_L001_R2_001.fastq.gz .
2022-12-10 18:16:00 INFO : Copying 221129_M08239_0003_000000000-KFTKV/Alignment_1/20221201_204949/Fastq/54-3999-nasopharyngeal_S76_L001_R1_001.fastq.gz ...
2022-12-10 18:16:00 INFO : Successfully copied 221129_M08239_0003_000000000-KFTKV/Alignment_1/20221201_204949/Fastq/54-3999-nasopharyngeal_S76_L001_R1_001.fastq.gz .
2022-12-10 18:16:00 INFO : Copying 221129_M08239_0003_000000000-KFTKV/Alignment_1/20221201_204949/Fastq/54-3999-nasopharyngeal_S76_L001_R2_001.fastq.gz ...
2022-12-10 18:16:00 INFO : Successfully copied 221129_M08239_0003_000000000-KFTKV/Alignment_1/20221201_204949/Fastq/54-3999-nasopharyngeal_S76_L001_R2_001.fastq.gz .
2022-12-10 18:16:00 INFO : Copying 221129_M08239_0003_000000000-KFTKV/Alignment_1/20221201_204949/Fastq/55-4007-left-ear_S8_L001_R1_001.fastq.gz ...
2022-12-10 18:16:00 INFO : Successfully copied 221129_M08239_0003_000000000-KFTKV/Alignment_1/20221201_204949/Fastq/55-4007-left-ear_S8_L001_R1_001.fastq.gz .
2022-12-10 18:16:00 INFO : Copying 221129_M08239_0003_000000000-KFTKV/Alignment_1/20221201_204949/Fastq/55-4007-left-ear_S8_L001_R2_001.fastq.gz ...
2022-12-10 18:16:00 INFO : Successfully copied 221129_M08239_0003_000000000-KFTKV/Alignment_1/20221201_204949/Fastq/55-4007-left-ear_S8_L001_R2_001.fastq.gz .
2022-12-10 18:16:00 INFO : Copying 221129_M08239_0003_000000000-KFTKV/Alignment_1/20221201_204949/Fastq/56-4007-right-ear_S17_L001_R1_001.fastq.gz ...
2022-12-10 18:16:00 INFO : Successfully copied 221129_M08239_0003_000000000-KFTKV/Alignment_1/20221201_204949/Fastq/56-4007-right-ear_S17_L001_R1_001.fastq.gz .
2022-12-10 18:16:00 INFO : Copying 221129_M08239_0003_000000000-KFTKV/Alignment_1/20221201_204949/Fastq/56-4007-right-ear_S17_L001_R2_001.fastq.gz ...
2022-12-10 18:16:00 INFO : Successfully copied 221129_M08239_0003_000000000-KFTKV/Alignment_1/20221201_204949/Fastq/56-4007-right-ear_S17_L001_R2_001.fastq.gz .
2022-12-10 18:16:00 INFO : Copying 221129_M08239_0003_000000000-KFTKV/Alignment_1/20221201_204949/Fastq/57-4007-nasopharyngeal_S27_L001_R1_001.fastq.gz ...
2022-12-10 18:16:00 INFO : Successfully copied 221129_M08239_0003_000000000-KFTKV/Alignment_1/20221201_204949/Fastq/57-4007-nasopharyngeal_S27_L001_R1_001.fastq.gz .
2022-12-10 18:16:00 INFO : Copying 221129_M08239_0003_000000000-KFTKV/Alignment_1/20221201_204949/Fastq/57-4007-nasopharyngeal_S27_L001_R2_001.fastq.gz ...
2022-12-10 18:16:00 INFO : Successfully copied 221129_M08239_0003_000000000-KFTKV/Alignment_1/20221201_204949/Fastq/57-4007-nasopharyngeal_S27_L001_R2_001.fastq.gz .
2022-12-10 18:16:00 INFO : Copying 221129_M08239_0003_000000000-KFTKV/Alignment_1/20221201_204949/Fastq/58-4008-left-ear_S37_L001_R1_001.fastq.gz ...
2022-12-10 18:16:00 INFO : Successfully copied 221129_M08239_0003_000000000-KFTKV/Alignment_1/20221201_204949/Fastq/58-4008-left-ear_S37_L001_R1_001.fastq.gz .
2022-12-10 18:16:00 INFO : Copying 221129_M08239_0003_000000000-KFTKV/Alignment_1/20221201_204949/Fastq/58-4008-left-ear_S37_L001_R2_001.fastq.gz ...
2022-12-10 18:16:00 INFO : Successfully copied 221129_M08239_0003_000000000-KFTKV/Alignment_1/20221201_204949/Fastq/58-4008-left-ear_S37_L001_R2_001.fastq.gz .
2022-12-10 18:16:00 INFO : Copying 221129_M08239_0003_000000000-KFTKV/Alignment_1/20221201_204949/Fastq/59-4008-right-ear_S47_L001_R1_001.fastq.gz ...
2022-12-10 18:16:00 INFO : Successfully copied 221129_M08239_0003_000000000-KFTKV/Alignment_1/20221201_204949/Fastq/59-4008-right-ear_S47_L001_R1_001.fastq.gz .
2022-12-10 18:16:00 INFO : Copying 221129_M08239_0003_000000000-KFTKV/Alignment_1/20221201_204949/Fastq/59-4008-right-ear_S47_L001_R2_001.fastq.gz ...
2022-12-10 18:16:00 INFO : Successfully copied 221129_M08239_0003_000000000-KFTKV/Alignment_1/20221201_204949/Fastq/59-4008-right-ear_S47_L001_R2_001.fastq.gz .
2022-12-10 18:16:00 INFO : Copying 221129_M08239_0003_000000000-KFTKV/Alignment_1/20221201_204949/Fastq/6-3966-nasopharyngeal_S70_L001_R1_001.fastq.gz ...
2022-12-10 18:16:00 INFO : Successfully copied 221129_M08239_0003_000000000-KFTKV/Alignment_1/20221201_204949/Fastq/6-3966-nasopharyngeal_S70_L001_R1_001.fastq.gz .
2022-12-10 18:16:00 INFO : Copying 221129_M08239_0003_000000000-KFTKV/Alignment_1/20221201_204949/Fastq/6-3966-nasopharyngeal_S70_L001_R2_001.fastq.gz ...
2022-12-10 18:16:00 INFO : Successfully copied 221129_M08239_0003_000000000-KFTKV/Alignment_1/20221201_204949/Fastq/6-3966-nasopharyngeal_S70_L001_R2_001.fastq.gz .
2022-12-10 18:16:00 INFO : Copying 221129_M08239_0003_000000000-KFTKV/Alignment_1/20221201_204949/Fastq/60-4008-nasopharyngeal_S57_L001_R1_001.fastq.gz ...
2022-12-10 18:16:00 INFO : Successfully copied 221129_M08239_0003_000000000-KFTKV/Alignment_1/20221201_204949/Fastq/60-4008-nasopharyngeal_S57_L001_R1_001.fastq.gz .
2022-12-10 18:16:00 INFO : Copying 221129_M08239_0003_000000000-KFTKV/Alignment_1/20221201_204949/Fastq/60-4008-nasopharyngeal_S57_L001_R2_001.fastq.gz ...
2022-12-10 18:16:00 INFO : Successfully copied 221129_M08239_0003_000000000-KFTKV/Alignment_1/20221201_204949/Fastq/60-4008-nasopharyngeal_S57_L001_R2_001.fastq.gz .
2022-12-10 18:16:00 INFO : Copying 221129_M08239_0003_000000000-KFTKV/Alignment_1/20221201_204949/Fastq/61-4009-left-ear_S67_L001_R1_001.fastq.gz ...
2022-12-10 18:16:00 INFO : Successfully copied 221129_M08239_0003_000000000-KFTKV/Alignment_1/20221201_204949/Fastq/61-4009-left-ear_S67_L001_R1_001.fastq.gz .
2022-12-10 18:16:00 INFO : Copying 221129_M08239_0003_000000000-KFTKV/Alignment_1/20221201_204949/Fastq/61-4009-left-ear_S67_L001_R2_001.fastq.gz ...
2022-12-10 18:16:00 INFO : Successfully copied 221129_M08239_0003_000000000-KFTKV/Alignment_1/20221201_204949/Fastq/61-4009-left-ear_S67_L001_R2_001.fastq.gz .
2022-12-10 18:16:00 INFO : Copying 221129_M08239_0003_000000000-KFTKV/Alignment_1/20221201_204949/Fastq/62-4009-right-ear_S77_L001_R1_001.fastq.gz ...
2022-12-10 18:16:00 INFO : Successfully copied 221129_M08239_0003_000000000-KFTKV/Alignment_1/20221201_204949/Fastq/62-4009-right-ear_S77_L001_R1_001.fastq.gz .
2022-12-10 18:16:00 INFO : Copying 221129_M08239_0003_000000000-KFTKV/Alignment_1/20221201_204949/Fastq/62-4009-right-ear_S77_L001_R2_001.fastq.gz ...
2022-12-10 18:16:00 INFO : Successfully copied 221129_M08239_0003_000000000-KFTKV/Alignment_1/20221201_204949/Fastq/62-4009-right-ear_S77_L001_R2_001.fastq.gz .
2022-12-10 18:16:00 INFO : Copying 221129_M08239_0003_000000000-KFTKV/Alignment_1/20221201_204949/Fastq/63-4009-nasopharyngeal_S9_L001_R1_001.fastq.gz ...
2022-12-10 18:16:00 INFO : Successfully copied 221129_M08239_0003_000000000-KFTKV/Alignment_1/20221201_204949/Fastq/63-4009-nasopharyngeal_S9_L001_R1_001.fastq.gz .
2022-12-10 18:16:00 INFO : Copying 221129_M08239_0003_000000000-KFTKV/Alignment_1/20221201_204949/Fastq/63-4009-nasopharyngeal_S9_L001_R2_001.fastq.gz ...
2022-12-10 18:16:00 INFO : Successfully copied 221129_M08239_0003_000000000-KFTKV/Alignment_1/20221201_204949/Fastq/63-4009-nasopharyngeal_S9_L001_R2_001.fastq.gz .
2022-12-10 18:16:00 INFO : Copying 221129_M08239_0003_000000000-KFTKV/Alignment_1/20221201_204949/Fastq/64-4010-left-ear_S18_L001_R1_001.fastq.gz ...
2022-12-10 18:16:00 INFO : Successfully copied 221129_M08239_0003_000000000-KFTKV/Alignment_1/20221201_204949/Fastq/64-4010-left-ear_S18_L001_R1_001.fastq.gz .
2022-12-10 18:16:00 INFO : Copying 221129_M08239_0003_000000000-KFTKV/Alignment_1/20221201_204949/Fastq/64-4010-left-ear_S18_L001_R2_001.fastq.gz ...
2022-12-10 18:16:00 INFO : Successfully copied 221129_M08239_0003_000000000-KFTKV/Alignment_1/20221201_204949/Fastq/64-4010-left-ear_S18_L001_R2_001.fastq.gz .
2022-12-10 18:16:00 INFO : Copying 221129_M08239_0003_000000000-KFTKV/Alignment_1/20221201_204949/Fastq/65-4010-right-ear_S28_L001_R1_001.fastq.gz ...
2022-12-10 18:16:00 INFO : Successfully copied 221129_M08239_0003_000000000-KFTKV/Alignment_1/20221201_204949/Fastq/65-4010-right-ear_S28_L001_R1_001.fastq.gz .
2022-12-10 18:16:00 INFO : Copying 221129_M08239_0003_000000000-KFTKV/Alignment_1/20221201_204949/Fastq/65-4010-right-ear_S28_L001_R2_001.fastq.gz ...
2022-12-10 18:16:00 INFO : Successfully copied 221129_M08239_0003_000000000-KFTKV/Alignment_1/20221201_204949/Fastq/65-4010-right-ear_S28_L001_R2_001.fastq.gz .
2022-12-10 18:16:00 INFO : Copying 221129_M08239_0003_000000000-KFTKV/Alignment_1/20221201_204949/Fastq/66-4010-nasopharyngeal_S38_L001_R1_001.fastq.gz ...
2022-12-10 18:16:00 INFO : Successfully copied 221129_M08239_0003_000000000-KFTKV/Alignment_1/20221201_204949/Fastq/66-4010-nasopharyngeal_S38_L001_R1_001.fastq.gz .
2022-12-10 18:16:00 INFO : Copying 221129_M08239_0003_000000000-KFTKV/Alignment_1/20221201_204949/Fastq/66-4010-nasopharyngeal_S38_L001_R2_001.fastq.gz ...
2022-12-10 18:16:00 INFO : Successfully copied 221129_M08239_0003_000000000-KFTKV/Alignment_1/20221201_204949/Fastq/66-4010-nasopharyngeal_S38_L001_R2_001.fastq.gz .
2022-12-10 18:16:00 INFO : Copying 221129_M08239_0003_000000000-KFTKV/Alignment_1/20221201_204949/Fastq/67-4013-left-ear_S48_L001_R1_001.fastq.gz ...
2022-12-10 18:16:00 INFO : Successfully copied 221129_M08239_0003_000000000-KFTKV/Alignment_1/20221201_204949/Fastq/67-4013-left-ear_S48_L001_R1_001.fastq.gz .
2022-12-10 18:16:00 INFO : Copying 221129_M08239_0003_000000000-KFTKV/Alignment_1/20221201_204949/Fastq/67-4013-left-ear_S48_L001_R2_001.fastq.gz ...
2022-12-10 18:16:00 INFO : Successfully copied 221129_M08239_0003_000000000-KFTKV/Alignment_1/20221201_204949/Fastq/67-4013-left-ear_S48_L001_R2_001.fastq.gz .
2022-12-10 18:16:00 INFO : Copying 221129_M08239_0003_000000000-KFTKV/Alignment_1/20221201_204949/Fastq/68-4013-right-ear_S58_L001_R1_001.fastq.gz ...
2022-12-10 18:16:00 INFO : Successfully copied 221129_M08239_0003_000000000-KFTKV/Alignment_1/20221201_204949/Fastq/68-4013-right-ear_S58_L001_R1_001.fastq.gz .
2022-12-10 18:16:00 INFO : Copying 221129_M08239_0003_000000000-KFTKV/Alignment_1/20221201_204949/Fastq/68-4013-right-ear_S58_L001_R2_001.fastq.gz ...
2022-12-10 18:16:00 INFO : Successfully copied 221129_M08239_0003_000000000-KFTKV/Alignment_1/20221201_204949/Fastq/68-4013-right-ear_S58_L001_R2_001.fastq.gz .
2022-12-10 18:16:00 INFO : Copying 221129_M08239_0003_000000000-KFTKV/Alignment_1/20221201_204949/Fastq/69-4013-nasopharyngeal_S68_L001_R1_001.fastq.gz ...
2022-12-10 18:16:00 INFO : Successfully copied 221129_M08239_0003_000000000-KFTKV/Alignment_1/20221201_204949/Fastq/69-4013-nasopharyngeal_S68_L001_R1_001.fastq.gz .
2022-12-10 18:16:00 INFO : Copying 221129_M08239_0003_000000000-KFTKV/Alignment_1/20221201_204949/Fastq/69-4013-nasopharyngeal_S68_L001_R2_001.fastq.gz ...
2022-12-10 18:16:00 INFO : Successfully copied 221129_M08239_0003_000000000-KFTKV/Alignment_1/20221201_204949/Fastq/69-4013-nasopharyngeal_S68_L001_R2_001.fastq.gz .
2022-12-10 18:16:00 INFO : Copying 221129_M08239_0003_000000000-KFTKV/Alignment_1/20221201_204949/Fastq/7-3983-left-ear_S2_L001_R1_001.fastq.gz ...
2022-12-10 18:16:00 INFO : Successfully copied 221129_M08239_0003_000000000-KFTKV/Alignment_1/20221201_204949/Fastq/7-3983-left-ear_S2_L001_R1_001.fastq.gz .
2022-12-10 18:16:00 INFO : Copying 221129_M08239_0003_000000000-KFTKV/Alignment_1/20221201_204949/Fastq/7-3983-left-ear_S2_L001_R2_001.fastq.gz ...
2022-12-10 18:16:00 INFO : Successfully copied 221129_M08239_0003_000000000-KFTKV/Alignment_1/20221201_204949/Fastq/7-3983-left-ear_S2_L001_R2_001.fastq.gz .
2022-12-10 18:16:00 INFO : Copying 221129_M08239_0003_000000000-KFTKV/Alignment_1/20221201_204949/Fastq/70-4014-left-ear_S78_L001_R1_001.fastq.gz ...
2022-12-10 18:16:00 INFO : Successfully copied 221129_M08239_0003_000000000-KFTKV/Alignment_1/20221201_204949/Fastq/70-4014-left-ear_S78_L001_R1_001.fastq.gz .
2022-12-10 18:16:00 INFO : Copying 221129_M08239_0003_000000000-KFTKV/Alignment_1/20221201_204949/Fastq/70-4014-left-ear_S78_L001_R2_001.fastq.gz ...
2022-12-10 18:16:00 INFO : Successfully copied 221129_M08239_0003_000000000-KFTKV/Alignment_1/20221201_204949/Fastq/70-4014-left-ear_S78_L001_R2_001.fastq.gz .
2022-12-10 18:16:00 INFO : Copying 221129_M08239_0003_000000000-KFTKV/Alignment_1/20221201_204949/Fastq/71-4014-right-ear_S1_L001_R1_001.fastq.gz ...
2022-12-10 18:16:00 INFO : Successfully copied 221129_M08239_0003_000000000-KFTKV/Alignment_1/20221201_204949/Fastq/71-4014-right-ear_S1_L001_R1_001.fastq.gz .
2022-12-10 18:16:00 INFO : Copying 221129_M08239_0003_000000000-KFTKV/Alignment_1/20221201_204949/Fastq/71-4014-right-ear_S1_L001_R2_001.fastq.gz ...
2022-12-10 18:16:00 INFO : Successfully copied 221129_M08239_0003_000000000-KFTKV/Alignment_1/20221201_204949/Fastq/71-4014-right-ear_S1_L001_R2_001.fastq.gz .
2022-12-10 18:16:00 INFO : Copying 221129_M08239_0003_000000000-KFTKV/Alignment_1/20221201_204949/Fastq/72-4014-nasopharyngeal_S10_L001_R1_001.fastq.gz ...
2022-12-10 18:16:00 INFO : Successfully copied 221129_M08239_0003_000000000-KFTKV/Alignment_1/20221201_204949/Fastq/72-4014-nasopharyngeal_S10_L001_R1_001.fastq.gz .
2022-12-10 18:16:00 INFO : Copying 221129_M08239_0003_000000000-KFTKV/Alignment_1/20221201_204949/Fastq/72-4014-nasopharyngeal_S10_L001_R2_001.fastq.gz ...
2022-12-10 18:16:00 INFO : Successfully copied 221129_M08239_0003_000000000-KFTKV/Alignment_1/20221201_204949/Fastq/72-4014-nasopharyngeal_S10_L001_R2_001.fastq.gz .
2022-12-10 18:16:00 INFO : Copying 221129_M08239_0003_000000000-KFTKV/Alignment_1/20221201_204949/Fastq/73-2157-Rep1-both-ears_S19_L001_R1_001.fastq.gz ...
2022-12-10 18:16:00 INFO : Successfully copied 221129_M08239_0003_000000000-KFTKV/Alignment_1/20221201_204949/Fastq/73-2157-Rep1-both-ears_S19_L001_R1_001.fastq.gz .
2022-12-10 18:16:00 INFO : Copying 221129_M08239_0003_000000000-KFTKV/Alignment_1/20221201_204949/Fastq/73-2157-Rep1-both-ears_S19_L001_R2_001.fastq.gz ...
2022-12-10 18:16:00 INFO : Successfully copied 221129_M08239_0003_000000000-KFTKV/Alignment_1/20221201_204949/Fastq/73-2157-Rep1-both-ears_S19_L001_R2_001.fastq.gz .
2022-12-10 18:16:00 INFO : Copying 221129_M08239_0003_000000000-KFTKV/Alignment_1/20221201_204949/Fastq/74-2174-both-ears_S29_L001_R1_001.fastq.gz ...
2022-12-10 18:16:00 INFO : Successfully copied 221129_M08239_0003_000000000-KFTKV/Alignment_1/20221201_204949/Fastq/74-2174-both-ears_S29_L001_R1_001.fastq.gz .
2022-12-10 18:16:00 INFO : Copying 221129_M08239_0003_000000000-KFTKV/Alignment_1/20221201_204949/Fastq/74-2174-both-ears_S29_L001_R2_001.fastq.gz ...
2022-12-10 18:16:00 INFO : Successfully copied 221129_M08239_0003_000000000-KFTKV/Alignment_1/20221201_204949/Fastq/74-2174-both-ears_S29_L001_R2_001.fastq.gz .
2022-12-10 18:16:00 INFO : Copying 221129_M08239_0003_000000000-KFTKV/Alignment_1/20221201_204949/Fastq/75-281-231-throat_S39_L001_R1_001.fastq.gz ...
2022-12-10 18:16:00 INFO : Successfully copied 221129_M08239_0003_000000000-KFTKV/Alignment_1/20221201_204949/Fastq/75-281-231-throat_S39_L001_R1_001.fastq.gz .
2022-12-10 18:16:00 INFO : Copying 221129_M08239_0003_000000000-KFTKV/Alignment_1/20221201_204949/Fastq/75-281-231-throat_S39_L001_R2_001.fastq.gz ...
2022-12-10 18:16:00 INFO : Successfully copied 221129_M08239_0003_000000000-KFTKV/Alignment_1/20221201_204949/Fastq/75-281-231-throat_S39_L001_R2_001.fastq.gz .
2022-12-10 18:16:00 INFO : Copying 221129_M08239_0003_000000000-KFTKV/Alignment_1/20221201_204949/Fastq/76-278-throat_S49_L001_R1_001.fastq.gz ...
2022-12-10 18:16:00 INFO : Successfully copied 221129_M08239_0003_000000000-KFTKV/Alignment_1/20221201_204949/Fastq/76-278-throat_S49_L001_R1_001.fastq.gz .
2022-12-10 18:16:00 INFO : Copying 221129_M08239_0003_000000000-KFTKV/Alignment_1/20221201_204949/Fastq/76-278-throat_S49_L001_R2_001.fastq.gz ...
2022-12-10 18:16:00 INFO : Successfully copied 221129_M08239_0003_000000000-KFTKV/Alignment_1/20221201_204949/Fastq/76-278-throat_S49_L001_R2_001.fastq.gz .
2022-12-10 18:16:00 INFO : Copying 221129_M08239_0003_000000000-KFTKV/Alignment_1/20221201_204949/Fastq/77-2229-nasopharyngeal_S59_L001_R1_001.fastq.gz ...
2022-12-10 18:16:00 INFO : Successfully copied 221129_M08239_0003_000000000-KFTKV/Alignment_1/20221201_204949/Fastq/77-2229-nasopharyngeal_S59_L001_R1_001.fastq.gz .
2022-12-10 18:16:00 INFO : Copying 221129_M08239_0003_000000000-KFTKV/Alignment_1/20221201_204949/Fastq/77-2229-nasopharyngeal_S59_L001_R2_001.fastq.gz ...
2022-12-10 18:16:00 INFO : Successfully copied 221129_M08239_0003_000000000-KFTKV/Alignment_1/20221201_204949/Fastq/77-2229-nasopharyngeal_S59_L001_R2_001.fastq.gz .
2022-12-10 18:16:00 INFO : Copying 221129_M08239_0003_000000000-KFTKV/Alignment_1/20221201_204949/Fastq/78-2233-nasopharyngeal_S69_L001_R1_001.fastq.gz ...
2022-12-10 18:16:00 INFO : Successfully copied 221129_M08239_0003_000000000-KFTKV/Alignment_1/20221201_204949/Fastq/78-2233-nasopharyngeal_S69_L001_R1_001.fastq.gz .
2022-12-10 18:16:00 INFO : Copying 221129_M08239_0003_000000000-KFTKV/Alignment_1/20221201_204949/Fastq/78-2233-nasopharyngeal_S69_L001_R2_001.fastq.gz ...
2022-12-10 18:16:00 INFO : Successfully copied 221129_M08239_0003_000000000-KFTKV/Alignment_1/20221201_204949/Fastq/78-2233-nasopharyngeal_S69_L001_R2_001.fastq.gz .
2022-12-10 18:16:00 INFO : Copying 221129_M08239_0003_000000000-KFTKV/Alignment_1/20221201_204949/Fastq/8-3983-right-ear_S11_L001_R1_001.fastq.gz ...
2022-12-10 18:16:00 INFO : Successfully copied 221129_M08239_0003_000000000-KFTKV/Alignment_1/20221201_204949/Fastq/8-3983-right-ear_S11_L001_R1_001.fastq.gz .
2022-12-10 18:16:00 INFO : Copying 221129_M08239_0003_000000000-KFTKV/Alignment_1/20221201_204949/Fastq/8-3983-right-ear_S11_L001_R2_001.fastq.gz ...
2022-12-10 18:16:00 INFO : Successfully copied 221129_M08239_0003_000000000-KFTKV/Alignment_1/20221201_204949/Fastq/8-3983-right-ear_S11_L001_R2_001.fastq.gz .
2022-12-10 18:16:00 INFO : Copying 221129_M08239_0003_000000000-KFTKV/Alignment_1/20221201_204949/Fastq/9-3983-nasopharyngeal_S21_L001_R1_001.fastq.gz ...
2022-12-10 18:16:00 INFO : Successfully copied 221129_M08239_0003_000000000-KFTKV/Alignment_1/20221201_204949/Fastq/9-3983-nasopharyngeal_S21_L001_R1_001.fastq.gz .
2022-12-10 18:16:00 INFO : Copying 221129_M08239_0003_000000000-KFTKV/Alignment_1/20221201_204949/Fastq/9-3983-nasopharyngeal_S21_L001_R2_001.fastq.gz ...
2022-12-10 18:16:00 INFO : Successfully copied 221129_M08239_0003_000000000-KFTKV/Alignment_1/20221201_204949/Fastq/9-3983-nasopharyngeal_S21_L001_R2_001.fastq.gz .
2022-12-10 18:16:00 INFO : Copying 221129_M08239_0003_000000000-KFTKV/Alignment_1/20221201_204949/Fastq/FastqSummaryF1L1.txt ...
2022-12-10 18:16:00 INFO : Successfully copied 221129_M08239_0003_000000000-KFTKV/Alignment_1/20221201_204949/Fastq/FastqSummaryF1L1.txt .
2022-12-10 18:16:00 INFO : Backup finished. Successfully copied 141 file(s).
